<?xml version="1.0" encoding="UTF-8"?>
<!-- Generated by org.testng.reporters.JUnitReportReporter -->
<testsuite hostname="DESKTOP-1QENVRC" failures="0" tests="1" name="TestNG.Annotation_1" time="0.011" errors="0" timestamp="2023-02-22T18:45:40 IST" skipped="0">
  <testcase classname="TestNG.Annotation_1" name="TC1" time="0.011"/>
  <system-out>
    <![CDATA[Running method V1]]>
  </system-out>
</testsuite> <!-- TestNG.Annotation_1 -->
