<?xml version="1.0" encoding="UTF-8"?>
<!-- Generated by org.testng.reporters.JUnitReportReporter -->
<testsuite hostname="DESKTOP-1QENVRC" failures="0" tests="2" name="TestNG.Annotation_2" time="0.015" errors="0" timestamp="2023-02-22T18:47:00 IST" skipped="0">
  <testcase classname="TestNG.Annotation_2" name="TC1" time="0.009"/>
  <system-out>
    <![CDATA[Running method V1]]>
  </system-out>
  <testcase classname="TestNG.Annotation_2" name="TC2" time="0.006"/>
  <system-out>
    <![CDATA[Running method V2]]>
  </system-out>
</testsuite> <!-- TestNG.Annotation_2 -->
