<?xml version="1.0" encoding="UTF-8"?>
<!-- Generated by org.testng.reporters.JUnitReportReporter -->
<testsuite hostname="DESKTOP-1QENVRC" failures="0" tests="1" name="TestNG.TestNG_Class" time="36.149" errors="0" timestamp="2023-02-21T19:21:41 IST" skipped="0">
  <testcase classname="TestNG.TestNG_Class" name="openFacebook" time="36.149"/>
  <system-out/>
</testsuite> <!-- TestNG.TestNG_Class -->
